Build started 02.07.2015 1:11:23.
     1>Project "C:\Users\Mikalay\Desktop\Segmantetion+Meshing\Segmantetion+Meshing\Segmantetion+Meshing.vcxproj" on node 2 (Build target(s)).
     1>ClCompile:
         C:\Program Files\Microsoft Visual Studio 11.0\VC\bin\CL.exe /c /ZI /nologo /W3 /WX- /sdl /Od /Oy- /D WIN32 /D _DEBUG /D _CONSOLE /D _CRT_SECURE_NO_WARNINGS /D _MBCS /Gm /EHsc /RTC1 /MDd /GS /fp:precise /Zc:wchar_t /Zc:forScope /Fo"Debug\\" /Fd"Debug\vc110.pdb" /Gd /TP /analyze- /errorReport:prompt Segmantetion+Meshing.cpp meshing.cpp
         meshing.cpp
         Segmantetion+Meshing.cpp
         Generating Code...
       Link:
         C:\Program Files\Microsoft Visual Studio 11.0\VC\bin\link.exe /ERRORREPORT:PROMPT /OUT:"C:\Users\Mikalay\Desktop\Segmantetion+Meshing\Debug\GSOC2015.exe" /INCREMENTAL /NOLOGO kernel32.lib user32.lib gdi32.lib winspool.lib comdlg32.lib advapi32.lib shell32.lib ole32.lib oleaut32.lib uuid.lib odbc32.lib odbccp32.lib /MANIFEST /MANIFESTUAC:"level='asInvoker' uiAccess='false'" /manifest:embed /DEBUG /PDB:"C:\Users\Mikalay\Desktop\Segmantetion+Meshing\Debug\GSOC2015.pdb" /SUBSYSTEM:CONSOLE /TLBID:1 /DYNAMICBASE /NXCOMPAT /IMPLIB:"C:\Users\Mikalay\Desktop\Segmantetion+Meshing\Debug\GSOC2015.lib" /MACHINE:X86 Debug\cgalv2m.obj
         Debug\corner_points.obj
         Debug\diag.obj
         Debug\eml_sort.obj
         Debug\eye.obj
         Debug\fclose.obj
         Debug\fileManager.obj
         Debug\fillholes.obj
         Debug\fillimg.obj
         Debug\fopen.obj
         Debug\fprintf.obj
         Debug\fread.obj
         Debug\imdilate.obj
         Debug\imreconstruct.obj
         Debug\meshing.obj
         Debug\norm.obj
         Debug\padarray.obj
         Debug\prod.obj
         Debug\readmedit.obj
         Debug\read_mri_simple.obj
         Debug\repmat.obj
         Debug\rot_matrix.obj
         Debug\rtGetInf.obj
         Debug\rtGetNaN.obj
         Debug\rt_nonfinite.obj
         Debug\saveinr.obj
         Debug\Segmantetion+Meshing.obj
         Debug\segmentation.obj
         Debug\Segmentation1_emxAPI.obj
         Debug\Segmentation1_emxutil.obj
         Debug\Segmentation1_initialize.obj
         Debug\Segmentation1_rtwutil.obj
         Debug\Segmentation1_terminate.obj
         Debug\sphere.obj
         Debug\stdafx.obj
         Debug\volumesegment.obj
         Debug\warp_apply.obj
         Segmantetion+Meshing.vcxproj -> C:\Users\Mikalay\Desktop\Segmantetion+Meshing\Debug\GSOC2015.exe
     1>Done Building Project "C:\Users\Mikalay\Desktop\Segmantetion+Meshing\Segmantetion+Meshing\Segmantetion+Meshing.vcxproj" (Build target(s)).

Build succeeded.

Time Elapsed 00:00:08.18
